<?xml version="1.0" encoding="UTF-8"?>
<!-- Generated by org.testng.reporters.JUnitXMLReporter -->
<testsuite ignored="0" hostname="SLB-F2NLRF2" failures="8" tests="38" name="testngTest" time="20.558" errors="0" timestamp="2020-06-15T09:34:43 IST">
  <testcase classname="com.restapi_TestCases.TC001_Get_All_Employees" name="checkContentEncodeType" time="0.007"/>
  <testcase classname="com.restapi_TestCases.TC001_Get_All_Employees" name="checkContentLength" time="0.002"/>
  <testcase classname="com.restapi_TestCases.TC001_Get_All_Employees" name="checkCookies" time="0.001"/>
  <testcase classname="com.restapi_TestCases.TC001_Get_All_Employees" name="checkReponseTime" time="0.002"/>
  <testcase classname="com.restapi_TestCases.TC001_Get_All_Employees" name="checkResponseBody" time="0.02"/>
  <testcase classname="com.restapi_TestCases.TC001_Get_All_Employees" name="checkServerType" time="0.001"/>
  <testcase classname="com.restapi_TestCases.TC001_Get_All_Employees" name="checkStatusCode" time="0.002"/>
  <testcase classname="com.restapi_TestCases.TC001_Get_All_Employees" name="checkStatusLine" time="0.003"/>
  <testcase classname="com.restapi_TestCases.TC001_Get_All_Employees" name="checkTheContentType" time="0.002"/>
  <testcase classname="com.restapi_TestCases.TC002_Get_Single_EmployeedDetails" name="checkContentLength" time="0.002"/>
  <testcase classname="com.restapi_TestCases.TC002_Get_Single_EmployeedDetails" name="checkCookies" time="0.001"/>
  <testcase classname="com.restapi_TestCases.TC002_Get_Single_EmployeedDetails" name="checkReponseTime" time="0.001"/>
  <testcase classname="com.restapi_TestCases.TC002_Get_Single_EmployeedDetails" name="checkResponseBody" time="0.001">
    <failure type="java.lang.AssertionError" message="expected [true] but found [false]">
      <![CDATA[java.lang.AssertionError: expected [true] but found [false]
at com.restapi_TestCases.TC002_Get_Single_EmployeedDetails.checkResponseBody(TC002_Get_Single_EmployeedDetails.java:40)
at java.base/java.util.ArrayList.forEach(ArrayList.java:1540)
... Removed 32 stack frames]]>
    </failure>
  </testcase> <!-- checkResponseBody -->
  <testcase classname="com.restapi_TestCases.TC002_Get_Single_EmployeedDetails" name="checkServerType" time="0.002"/>
  <testcase classname="com.restapi_TestCases.TC002_Get_Single_EmployeedDetails" name="checkStatusCode" time="0.002">
    <failure type="java.lang.AssertionError" message="expected [200] but found [400]">
      <![CDATA[java.lang.AssertionError: expected [200] but found [400]
at com.restapi_TestCases.TC002_Get_Single_EmployeedDetails.checkStatusCode(TC002_Get_Single_EmployeedDetails.java:53)
at java.base/java.util.ArrayList.forEach(ArrayList.java:1540)
... Removed 32 stack frames]]>
    </failure>
  </testcase> <!-- checkStatusCode -->
  <testcase classname="com.restapi_TestCases.TC002_Get_Single_EmployeedDetails" name="checkStatusLine" time="0.001">
    <failure type="java.lang.AssertionError" message="expected [HTTP/1.1 200 OK] but found [HTTP/1.1 400 Bad Request]">
      <![CDATA[java.lang.AssertionError: expected [HTTP/1.1 200 OK] but found [HTTP/1.1 400 Bad Request]
at com.restapi_TestCases.TC002_Get_Single_EmployeedDetails.checkStatusLine(TC002_Get_Single_EmployeedDetails.java:78)
at java.base/java.util.ArrayList.forEach(ArrayList.java:1540)
... Removed 32 stack frames]]>
    </failure>
  </testcase> <!-- checkStatusLine -->
  <testcase classname="com.restapi_TestCases.TC002_Get_Single_EmployeedDetails" name="checkTheContentType" time="0.001"/>
  <testcase classname="com.restapi_TestCases.TC003_Post_New_Employee" name="checkContentEncodingType" time="0.001">
    <failure type="java.lang.AssertionError" message="expected [gzip] but found [null]">
      <![CDATA[java.lang.AssertionError: expected [gzip] but found [null]
at com.restapi_TestCases.TC003_Post_New_Employee.checkContentEncodingType(TC003_Post_New_Employee.java:97)
at java.base/java.util.ArrayList.forEach(ArrayList.java:1540)
... Removed 33 stack frames]]>
    </failure>
  </testcase> <!-- checkContentEncodingType -->
  <testcase classname="com.restapi_TestCases.TC003_Post_New_Employee" name="checkContentType" time="0.001"/>
  <testcase classname="com.restapi_TestCases.TC003_Post_New_Employee" name="checkServerType" time="0.002"/>
  <testcase classname="com.restapi_TestCases.TC003_Post_New_Employee" name="checkStatusCode" time="0.001"/>
  <testcase classname="com.restapi_TestCases.TC003_Post_New_Employee" name="checkStatusLine" time="0.001"/>
  <testcase classname="com.restapi_TestCases.TC003_Post_New_Employee" name="postRequestValidation" time="0.001"/>
  <testcase classname="com.restapi_TestCases.TC004_update_Existing_EmployeeRecord" name="checkContentEncodingType" time="0.001"/>
  <testcase classname="com.restapi_TestCases.TC004_update_Existing_EmployeeRecord" name="checkContentType" time="0.001">
    <failure type="java.lang.AssertionError" message="expected [application/json;charset=utf-8] but found [text/html;charset=UTF-8]">
      <![CDATA[java.lang.AssertionError: expected [application/json;charset=utf-8] but found [text/html;charset=UTF-8]
at com.restapi_TestCases.TC004_update_Existing_EmployeeRecord.checkContentType(TC004_update_Existing_EmployeeRecord.java:80)
at java.base/java.util.ArrayList.forEach(ArrayList.java:1540)
... Removed 32 stack frames]]>
    </failure>
  </testcase> <!-- checkContentType -->
  <testcase classname="com.restapi_TestCases.TC004_update_Existing_EmployeeRecord" name="checkServerType" time="0.001"/>
  <testcase classname="com.restapi_TestCases.TC004_update_Existing_EmployeeRecord" name="checkStatusCode" time="0.001">
    <failure type="java.lang.AssertionError" message="expected [200] but found [405]">
      <![CDATA[java.lang.AssertionError: expected [200] but found [405]
at com.restapi_TestCases.TC004_update_Existing_EmployeeRecord.checkStatusCode(TC004_update_Existing_EmployeeRecord.java:64)
at java.base/java.util.ArrayList.forEach(ArrayList.java:1540)
... Removed 32 stack frames]]>
    </failure>
  </testcase> <!-- checkStatusCode -->
  <testcase classname="com.restapi_TestCases.TC004_update_Existing_EmployeeRecord" name="checkStatusLine" time="0.001"/>
  <testcase classname="com.restapi_TestCases.TC004_update_Existing_EmployeeRecord" name="postRequestValidation" time="0.003">
    <failure type="java.lang.AssertionError" message="expected [true] but found [false]">
      <![CDATA[java.lang.AssertionError: expected [true] but found [false]
at com.restapi_TestCases.TC004_update_Existing_EmployeeRecord.postRequestValidation(TC004_update_Existing_EmployeeRecord.java:53)
at java.base/java.util.ArrayList.forEach(ArrayList.java:1540)
... Removed 32 stack frames]]>
    </failure>
  </testcase> <!-- postRequestValidation -->
  <testcase classname="com.restapi_TestCases.TC005_Delete_EmployeeRecord" name="checkContentEncodeType" time="0.002"/>
  <testcase classname="com.restapi_TestCases.TC005_Delete_EmployeeRecord" name="checkContentLength" time="0.002"/>
  <testcase classname="com.restapi_TestCases.TC005_Delete_EmployeeRecord" name="checkCookies" time="0.0"/>
  <testcase classname="com.restapi_TestCases.TC005_Delete_EmployeeRecord" name="checkReponseTime" time="0.002"/>
  <testcase classname="com.restapi_TestCases.TC005_Delete_EmployeeRecord" name="checkResponseBody" time="0.001">
    <failure type="java.lang.AssertionError" message="expected [true] but found [false]">
      <![CDATA[java.lang.AssertionError: expected [true] but found [false]
at com.restapi_TestCases.TC005_Delete_EmployeeRecord.checkResponseBody(TC005_Delete_EmployeeRecord.java:49)
at java.base/java.util.ArrayList.forEach(ArrayList.java:1540)
... Removed 32 stack frames]]>
    </failure>
  </testcase> <!-- checkResponseBody -->
  <testcase classname="com.restapi_TestCases.TC005_Delete_EmployeeRecord" name="checkServerType" time="0.001"/>
  <testcase classname="com.restapi_TestCases.TC005_Delete_EmployeeRecord" name="checkStatusCode" time="0.001"/>
  <testcase classname="com.restapi_TestCases.TC005_Delete_EmployeeRecord" name="checkStatusLine" time="0.001"/>
  <testcase classname="com.restapi_TestCases.TC005_Delete_EmployeeRecord" name="checkTheContentType" time="0.001"/>
</testsuite> <!-- testngTest -->
